================================================================================
Train Track Control System - Log Started
Session: 20251209_122646
================================================================================

[2025-12-09 12:26:48.116] [DEBUG] [NETWORK   ] Red Line loading branch points from static JSON
[2025-12-09 12:26:48.118] [DEBUG] [NETWORK   ] Red Line branch point loaded: block 16 -> [1, 15]
[2025-12-09 12:26:48.120] [DEBUG] [NETWORK   ] Red Line branch point loaded: block 27 -> [28, 76]
[2025-12-09 12:26:48.121] [DEBUG] [NETWORK   ] Red Line branch point loaded: block 33 -> [32, 72]
[2025-12-09 12:26:48.123] [DEBUG] [NETWORK   ] Red Line branch point loaded: block 38 -> [39, 71]
[2025-12-09 12:26:48.124] [DEBUG] [NETWORK   ] Red Line branch point loaded: block 44 -> [43, 67]
[2025-12-09 12:26:48.125] [DEBUG] [NETWORK   ] Red Line branch point loaded: block 52 -> [53, 66]
[2025-12-09 12:26:48.126] [INFO ] [NETWORK   ] Red Line branch points loaded: 7 total
[2025-12-09 12:26:55.815] [DEBUG] [NETWORK   ] Green Line loading branch points from static JSON
[2025-12-09 12:26:55.817] [DEBUG] [NETWORK   ] Green Line branch point loaded: block 13 -> [1, 12]
[2025-12-09 12:26:55.818] [DEBUG] [NETWORK   ] Green Line branch point loaded: block 28 -> [29, 150]
[2025-12-09 12:26:55.820] [DEBUG] [NETWORK   ] Green Line branch point loaded: block 77 -> [76, 101]
[2025-12-09 12:26:55.821] [DEBUG] [NETWORK   ] Green Line branch point loaded: block 85 -> [86, 100]
[2025-12-09 12:26:55.823] [INFO ] [NETWORK   ] Green Line branch points loaded: 6 total
[2025-12-09 12:27:10.260] [INFO ] [TRAIN     ] Train 1 created successfully
[2025-12-09 12:27:16.671] [DEBUG] [ROUTE_PATH] Route to Pioneer (Green Line): stations=['Glenbury', 'Dormont', 'Mt. Lebanon', 'Poplar', 'Castle Shannon', 'Dormont', 'Glenbury', 'Overbrook', 'Inglewood', 'Central', 'South Bank', 'Central', 'Inglewood', 'Overbrook'], blocks=[65, 73, 77, 88, 96, 105, 114, 123, 132, 141, 31, 39, 48, 57]
[2025-12-09 12:27:16.674] [DEBUG] [ROUTE_PATH] Route to Edgebrook (Green Line): stations=['Glenbury', 'Dormont', 'Mt. Lebanon', 'Poplar', 'Castle Shannon', 'Dormont', 'Glenbury', 'Overbrook', 'Inglewood', 'Central', 'South Bank', 'Central', 'Inglewood', 'Overbrook'], blocks=[65, 73, 77, 88, 96, 105, 114, 123, 132, 141, 31, 39, 48, 57]
[2025-12-09 12:27:16.676] [DEBUG] [ROUTE_PATH] Route to Whited (Green Line): stations=['Glenbury', 'Dormont', 'Mt. Lebanon', 'Poplar', 'Castle Shannon', 'Dormont', 'Glenbury', 'Overbrook', 'Inglewood', 'Central', 'South Bank', 'Central', 'Inglewood', 'Overbrook'], blocks=[65, 73, 77, 88, 96, 105, 114, 123, 132, 141, 31, 39, 48, 57]
[2025-12-09 12:27:16.678] [DEBUG] [ROUTE_PATH] Route to South Bank (Green Line): stations=['Glenbury', 'Dormont', 'Mt. Lebanon', 'Poplar', 'Castle Shannon', 'Dormont', 'Glenbury', 'Overbrook', 'Inglewood', 'Central', 'South Bank'], blocks=[65, 73, 77, 88, 96, 105, 114, 123, 132, 141, 31]
[2025-12-09 12:27:16.680] [DEBUG] [ROUTE_PATH] Route to Central (Green Line): stations=['Glenbury', 'Dormont', 'Mt. Lebanon', 'Poplar', 'Castle Shannon'], blocks=[65, 73, 77, 88, 96]
[2025-12-09 12:27:16.682] [DEBUG] [ROUTE_PATH] Route to Inglewood (Green Line): stations=['Glenbury', 'Dormont', 'Mt. Lebanon', 'Poplar', 'Castle Shannon'], blocks=[65, 73, 77, 88, 96]
[2025-12-09 12:27:16.684] [DEBUG] [ROUTE_PATH] Route to Overbrook (Green Line): stations=['Glenbury', 'Dormont', 'Mt. Lebanon', 'Poplar', 'Castle Shannon'], blocks=[65, 73, 77, 88, 96]
[2025-12-09 12:27:16.686] [DEBUG] [ROUTE_PATH] Route to Glenbury (Green Line): stations=['Glenbury'], blocks=[65]
[2025-12-09 12:27:16.688] [DEBUG] [ROUTE_PATH] Route to Dormont (Green Line): stations=['Glenbury', 'Dormont'], blocks=[65, 73]
[2025-12-09 12:27:16.691] [DEBUG] [ROUTE_PATH] Route to Mt. Lebanon (Green Line): stations=['Glenbury', 'Dormont', 'Mt. Lebanon'], blocks=[65, 73, 77]
[2025-12-09 12:27:16.693] [DEBUG] [ROUTE_PATH] Route to Poplar (Green Line): stations=['Glenbury', 'Dormont', 'Mt. Lebanon', 'Poplar'], blocks=[65, 73, 77, 88]
[2025-12-09 12:27:16.695] [DEBUG] [ROUTE_PATH] Route to Castle Shannon (Green Line): stations=['Glenbury', 'Dormont', 'Mt. Lebanon', 'Poplar', 'Castle Shannon'], blocks=[65, 73, 77, 88, 96]
[2025-12-09 12:27:16.698] [DEBUG] [ROUTE_PATH] Route to Shadyside (Red Line): stations=['Shadyside'], blocks=[7]
[2025-12-09 12:27:16.700] [DEBUG] [ROUTE_PATH] Route to Herron Ave (Red Line): stations=['Shadyside', 'Herron Ave'], blocks=[7, 16]
[2025-12-09 12:27:16.703] [DEBUG] [ROUTE_PATH] Route to Swissville (Red Line): stations=['Shadyside', 'Herron Ave', 'Swissville'], blocks=[7, 16, 21]
[2025-12-09 12:27:16.706] [DEBUG] [ROUTE_PATH] Route to Penn Station (Red Line): stations=['Shadyside', 'Herron Ave', 'Swissville', 'Penn Station'], blocks=[7, 16, 21, 25]
[2025-12-09 12:27:16.708] [DEBUG] [ROUTE_PATH] Route to Steel Plaza (Red Line): stations=['Shadyside', 'Herron Ave', 'Swissville', 'Penn Station', 'Steel Plaza'], blocks=[7, 16, 21, 25, 35]
[2025-12-09 12:27:16.711] [DEBUG] [ROUTE_PATH] Route to First Ave (Red Line): stations=['Shadyside', 'Herron Ave', 'Swissville', 'Penn Station', 'Steel Plaza', 'First Ave'], blocks=[7, 16, 21, 25, 35, 45]
[2025-12-09 12:27:16.713] [DEBUG] [ROUTE_PATH] Route to Station Square (Red Line): stations=['Shadyside', 'Herron Ave', 'Swissville', 'Penn Station', 'Steel Plaza', 'First Ave', 'Station Square'], blocks=[7, 16, 21, 25, 35, 45, 48]
[2025-12-09 12:27:16.715] [DEBUG] [ROUTE_PATH] Route to South Hills (Red Line): stations=['Shadyside', 'Herron Ave', 'Swissville', 'Penn Station', 'Steel Plaza', 'First Ave', 'Station Square', 'South Hills'], blocks=[7, 16, 21, 25, 35, 45, 48, 60]
[2025-12-09 12:27:17.036] [INFO ] [GATE      ] Green line block 19 crossing gate: Down → Up
[2025-12-09 12:27:17.041] [INFO ] [GATE      ] Green line block 108 crossing gate: Down → Up
[2025-12-09 12:27:17.045] [INFO ] [GATE      ] Red line block 11 crossing gate: Down → Up
[2025-12-09 12:27:17.048] [INFO ] [GATE      ] Red line block 47 crossing gate: Down → Up
[2025-12-09 12:27:17.161] [INFO ] [GATE      ] Green line block 19 crossing gate: Open → Closed
[2025-12-09 12:27:17.165] [INFO ] [GATE      ] Green line block 108 crossing gate: Open → Closed
[2025-12-09 12:27:42.217] [INFO ] [ROUTE     ] Train 1 route to Glenbury: [65], first station block: 65
[2025-12-09 12:27:42.244] [INFO ] [TRAIN     ] Manual dispatch: Train 1 to Glenbury on Green Line, arrival 12:30
[2025-12-09 12:27:42.311] [INFO ] [AUTHORITY ] Train 1 INITIAL DISPATCH: speed=9.47 mph, authority=468 yds
[2025-12-09 12:27:42.334] [INFO ] [TRAIN     ] Train 1 dispatched: 9.5 mph to reach Glenbury by 12:30
[2025-12-09 12:27:42.339] [DEBUG] [LIGHT     ] Green line block 0 light: Super Green → Red
[2025-12-09 12:27:42.383] [INFO ] [TRAIN     ] Train 1 commands written: speed=9.47 mph, authority=468 yds
[2025-12-09 12:27:42.530] [INFO ] [SWITCH    ] Green line block 63 switch changed to position 64
[2025-12-09 12:27:42.535] [INFO ] [TRAIN     ] Train 1 commands written to JSON: speed=9.47 mph, authority=468.00 yds
[2025-12-09 12:27:42.709] [INFO ] [TRAIN_MODEL] Position preserved on new authority: 468 yds (yards_in_block: 0.00)
[2025-12-09 12:27:43.212] [DEBUG] [TRAIN_MODEL] Power=14674W, Speed=0.56mph, Authority=468yds
[2025-12-09 12:27:43.555] [DEBUG] [TRAIN_MODEL] Power=14674W, Speed=1.12mph, Authority=468yds
[2025-12-09 12:27:43.688] [DEBUG] [TRAIN_MODEL] Power=14674W, Speed=1.68mph, Authority=467yds
[2025-12-09 12:27:43.881] [DEBUG] [POSITION  ] Train 1 position tracking initialized
[2025-12-09 12:27:43.886] [DEBUG] [POSITION  ] Train 1 Block 0: pos=0.82yds, delta=0.82yds, block_traveled=0.82yds
[2025-12-09 12:27:43.967] [DEBUG] [TRAIN_MODEL] Power=12428W, Speed=2.13mph, Authority=467yds
[2025-12-09 12:27:44.130] [DEBUG] [TRAIN_MODEL] Power=12428W, Speed=2.49mph, Authority=466yds
[2025-12-09 12:27:44.256] [DEBUG] [TRAIN_MODEL] Power=12428W, Speed=2.79mph, Authority=465yds
[2025-12-09 12:27:44.352] [DEBUG] [TRAIN_MODEL] Power=12428W, Speed=3.07mph, Authority=465yds
    [Previous message repeated 84 times]
[2025-12-09 12:27:44.562] [DEBUG] [NETWORK   ] Green Line loading branch points from static JSON
    [Previous message repeated 84 times]
[2025-12-09 12:27:44.569] [DEBUG] [NETWORK   ] Green Line branch point loaded: block 13 -> [1, 12]
    [Previous message repeated 84 times]
[2025-12-09 12:27:44.577] [DEBUG] [NETWORK   ] Green Line branch point loaded: block 28 -> [29, 150]
    [Previous message repeated 84 times]
[2025-12-09 12:27:44.583] [DEBUG] [NETWORK   ] Green Line branch point loaded: block 77 -> [76, 101]
    [Previous message repeated 84 times]
[2025-12-09 12:27:44.588] [DEBUG] [NETWORK   ] Green Line branch point loaded: block 85 -> [86, 100]
    [Previous message repeated 84 times]
[2025-12-09 12:27:44.597] [INFO ] [NETWORK   ] Green Line branch points loaded: 6 total
[2025-12-09 12:27:44.657] [DEBUG] [TRAIN_MODEL] Power=10580W, Speed=3.28mph, Authority=464yds
[2025-12-09 12:27:44.809] [DEBUG] [TRAIN_MODEL] Power=10580W, Speed=3.47mph, Authority=463yds
[2025-12-09 12:27:45.201] [DEBUG] [TRAIN_MODEL] Power=10580W, Speed=3.66mph, Authority=462yds
[2025-12-09 12:27:45.222] [DEBUG] [POSITION  ] Train 1 Block 0: pos=3.38yds, delta=2.56yds, block_traveled=3.38yds
[2025-12-09 12:27:45.507] [DEBUG] [TRAIN_MODEL] Power=9942W, Speed=3.83mph, Authority=461yds
[2025-12-09 12:27:45.589] [DEBUG] [TRAIN_MODEL] Power=9942W, Speed=3.99mph, Authority=460yds
[2025-12-09 12:27:45.765] [DEBUG] [TRAIN_MODEL] Power=9942W, Speed=4.14mph, Authority=459yds
[2025-12-09 12:27:45.845] [DEBUG] [TRAIN_MODEL] Power=9942W, Speed=4.29mph, Authority=458yds
[2025-12-09 12:27:46.003] [DEBUG] [TRAIN_MODEL] Power=9942W, Speed=4.43mph, Authority=457yds
[2025-12-09 12:27:46.168] [DEBUG] [TRAIN_MODEL] Power=8963W, Speed=4.55mph, Authority=456yds
[2025-12-09 12:27:46.392] [DEBUG] [POSITION  ] Train 1 Block 0: pos=10.98yds, delta=7.60yds, block_traveled=10.98yds
[2025-12-09 12:27:46.529] [DEBUG] [TRAIN_MODEL] Power=8963W, Speed=4.67mph, Authority=455yds
[2025-12-09 12:27:46.654] [DEBUG] [TRAIN_MODEL] Power=8963W, Speed=4.79mph, Authority=454yds
[2025-12-09 12:27:46.967] [DEBUG] [TRAIN_MODEL] Power=8598W, Speed=4.90mph, Authority=452yds
[2025-12-09 12:27:47.145] [DEBUG] [TRAIN_MODEL] Power=8598W, Speed=5.01mph, Authority=451yds
[2025-12-09 12:27:47.262] [DEBUG] [TRAIN_MODEL] Power=8598W, Speed=5.11mph, Authority=450yds
[2025-12-09 12:27:47.466] [DEBUG] [TRAIN_MODEL] Power=8598W, Speed=5.22mph, Authority=449yds
[2025-12-09 12:27:47.648] [DEBUG] [POSITION  ] Train 1 Block 0: pos=19.35yds, delta=8.37yds, block_traveled=19.35yds
[2025-12-09 12:27:47.813] [DEBUG] [TRAIN_MODEL] Power=8117W, Speed=5.31mph, Authority=447yds
[2025-12-09 12:27:47.947] [DEBUG] [TRAIN_MODEL] Power=8117W, Speed=5.40mph, Authority=446yds
[2025-12-09 12:27:48.065] [DEBUG] [TRAIN_MODEL] Power=8117W, Speed=5.50mph, Authority=445yds
[2025-12-09 12:27:48.327] [DEBUG] [TRAIN_MODEL] Power=7827W, Speed=5.58mph, Authority=443yds
[2025-12-09 12:27:48.494] [DEBUG] [TRAIN_MODEL] Power=7827W, Speed=5.67mph, Authority=442yds
[2025-12-09 12:27:48.569] [DEBUG] [TRAIN_MODEL] Power=7827W, Speed=5.75mph, Authority=441yds
[2025-12-09 12:27:48.669] [DEBUG] [TRAIN_MODEL] Power=7827W, Speed=5.84mph, Authority=439yds
[2025-12-09 12:27:48.747] [DEBUG] [POSITION  ] Train 1 Block 0: pos=23.31yds, delta=3.96yds, block_traveled=23.31yds
[2025-12-09 12:27:48.909] [DEBUG] [TRAIN_MODEL] Power=7420W, Speed=5.91mph, Authority=438yds
[2025-12-09 12:27:49.262] [DEBUG] [TRAIN_MODEL] Power=7420W, Speed=5.99mph, Authority=436yds
[2025-12-09 12:27:49.381] [DEBUG] [TRAIN_MODEL] Power=7420W, Speed=6.07mph, Authority=435yds
[2025-12-09 12:27:49.531] [DEBUG] [TRAIN_MODEL] Power=7184W, Speed=6.14mph, Authority=433yds
[2025-12-09 12:27:49.752] [DEBUG] [TRAIN_MODEL] Power=7184W, Speed=6.21mph, Authority=432yds
[2025-12-09 12:27:49.800] [DEBUG] [POSITION  ] Train 1 Block 0: pos=33.29yds, delta=9.98yds, block_traveled=33.29yds
[2025-12-09 12:27:49.874] [DEBUG] [TRAIN_MODEL] Power=7184W, Speed=6.28mph, Authority=430yds
    [Previous message repeated 21 times]
[2025-12-09 12:27:49.967] [INFO ] [TRAIN     ] Train 1 commands written: speed=9.47 mph, authority=468 yds
[2025-12-09 12:27:50.022] [DEBUG] [TRAIN_MODEL] Power=7184W, Speed=6.35mph, Authority=429yds
    [Previous message repeated 10 times]
[2025-12-09 12:27:50.158] [INFO ] [TRAIN     ] Train 1 commands written to JSON: speed=9.47 mph, authority=468.00 yds
[2025-12-09 12:27:50.231] [DEBUG] [TRAIN_MODEL] Power=6858W, Speed=6.42mph, Authority=427yds
[2025-12-09 12:27:50.446] [DEBUG] [TRAIN_MODEL] Power=6858W, Speed=6.48mph, Authority=425yds
[2025-12-09 12:27:50.531] [DEBUG] [TRAIN_MODEL] Power=6858W, Speed=6.55mph, Authority=424yds
[2025-12-09 12:27:50.750] [DEBUG] [TRAIN_MODEL] Power=6858W, Speed=6.61mph, Authority=422yds
[2025-12-09 12:27:50.911] [DEBUG] [POSITION  ] Train 1 Block 0: pos=45.77yds, delta=12.48yds, block_traveled=45.77yds
[2025-12-09 12:27:51.015] [DEBUG] [TRAIN_MODEL] Power=6572W, Speed=6.67mph, Authority=421yds
[2025-12-09 12:27:51.091] [DEBUG] [TRAIN_MODEL] Power=6572W, Speed=6.73mph, Authority=419yds
[2025-12-09 12:27:51.178] [DEBUG] [TRAIN_MODEL] Power=6572W, Speed=6.79mph, Authority=417yds
[2025-12-09 12:27:51.404] [DEBUG] [TRAIN_MODEL] Power=6572W, Speed=6.85mph, Authority=416yds
    [Previous message repeated 9 times]
[2025-12-09 12:27:51.524] [DEBUG] [NETWORK   ] Green Line loading branch points from static JSON
    [Previous message repeated 9 times]
[2025-12-09 12:27:51.530] [DEBUG] [NETWORK   ] Green Line branch point loaded: block 13 -> [1, 12]
    [Previous message repeated 9 times]
[2025-12-09 12:27:51.536] [DEBUG] [NETWORK   ] Green Line branch point loaded: block 28 -> [29, 150]
    [Previous message repeated 9 times]
[2025-12-09 12:27:51.541] [DEBUG] [NETWORK   ] Green Line branch point loaded: block 77 -> [76, 101]
    [Previous message repeated 9 times]
[2025-12-09 12:27:51.547] [DEBUG] [NETWORK   ] Green Line branch point loaded: block 85 -> [86, 100]
    [Previous message repeated 9 times]
[2025-12-09 12:27:51.553] [INFO ] [NETWORK   ] Green Line branch points loaded: 6 total
[2025-12-09 12:27:51.664] [DEBUG] [TRAIN_MODEL] Power=6296W, Speed=6.91mph, Authority=414yds
[2025-12-09 12:27:51.745] [DEBUG] [TRAIN_MODEL] Power=6296W, Speed=6.97mph, Authority=412yds
[2025-12-09 12:27:51.927] [DEBUG] [TRAIN_MODEL] Power=6296W, Speed=7.02mph, Authority=411yds
[2025-12-09 12:27:52.047] [DEBUG] [POSITION  ] Train 1 Block 0: pos=52.38yds, delta=6.61yds, block_traveled=52.38yds
[2025-12-09 12:27:52.162] [DEBUG] [TRAIN_MODEL] Power=6121W, Speed=7.07mph, Authority=409yds
[2025-12-09 12:27:52.472] [DEBUG] [TRAIN_MODEL] Power=6121W, Speed=7.13mph, Authority=407yds
[2025-12-09 12:27:52.555] [DEBUG] [TRAIN_MODEL] Power=6121W, Speed=7.18mph, Authority=405yds
[2025-12-09 12:27:52.730] [DEBUG] [TRAIN_MODEL] Power=6121W, Speed=7.23mph, Authority=404yds
[2025-12-09 12:27:52.952] [DEBUG] [TRAIN_MODEL] Power=5889W, Speed=7.28mph, Authority=402yds
[2025-12-09 12:27:53.121] [DEBUG] [TRAIN_MODEL] Power=5889W, Speed=7.33mph, Authority=400yds
[2025-12-09 12:27:53.237] [DEBUG] [POSITION  ] Train 1 Block 0: pos=64.49yds, delta=12.10yds, block_traveled=64.49yds
[2025-12-09 12:27:53.309] [DEBUG] [TRAIN_MODEL] Power=5889W, Speed=7.38mph, Authority=398yds
[2025-12-09 12:27:53.602] [DEBUG] [TRAIN_MODEL] Power=5729W, Speed=7.43mph, Authority=396yds
[2025-12-09 12:27:53.775] [DEBUG] [TRAIN_MODEL] Power=5729W, Speed=7.47mph, Authority=394yds
[2025-12-09 12:27:53.872] [DEBUG] [TRAIN_MODEL] Power=5729W, Speed=7.52mph, Authority=393yds
[2025-12-09 12:27:54.051] [DEBUG] [TRAIN_MODEL] Power=5729W, Speed=7.57mph, Authority=391yds
[2025-12-09 12:27:54.266] [DEBUG] [TRAIN_MODEL] Power=5509W, Speed=7.61mph, Authority=389yds
[2025-12-09 12:27:54.283] [DEBUG] [POSITION  ] Train 1 Block 0: pos=77.19yds, delta=12.71yds, block_traveled=77.19yds
[2025-12-09 12:27:54.373] [DEBUG] [TRAIN_MODEL] Power=5509W, Speed=7.66mph, Authority=387yds
[2025-12-09 12:27:54.472] [DEBUG] [TRAIN_MODEL] Power=5509W, Speed=7.70mph, Authority=385yds
[2025-12-09 12:27:54.766] [DEBUG] [TRAIN_MODEL] Power=5361W, Speed=7.74mph, Authority=383yds
[2025-12-09 12:27:54.951] [DEBUG] [TRAIN_MODEL] Power=5361W, Speed=7.79mph, Authority=381yds
[2025-12-09 12:27:55.034] [DEBUG] [TRAIN_MODEL] Power=5361W, Speed=7.83mph, Authority=379yds
[2025-12-09 12:27:55.263] [DEBUG] [TRAIN_MODEL] Power=5361W, Speed=7.87mph, Authority=378yds
[2025-12-09 12:27:55.367] [DEBUG] [POSITION  ] Train 1 Block 0: pos=84.70yds, delta=7.51yds, block_traveled=84.70yds
[2025-12-09 12:27:55.508] [DEBUG] [TRAIN_MODEL] Power=5158W, Speed=7.91mph, Authority=376yds
[2025-12-09 12:27:55.590] [DEBUG] [TRAIN_MODEL] Power=5158W, Speed=7.95mph, Authority=374yds
[2025-12-09 12:27:55.813] [DEBUG] [TRAIN_MODEL] Power=5158W, Speed=7.99mph, Authority=372yds
[2025-12-09 12:27:56.075] [DEBUG] [TRAIN_MODEL] Power=5024W, Speed=8.03mph, Authority=370yds
[2025-12-09 12:27:56.246] [DEBUG] [TRAIN_MODEL] Power=5024W, Speed=8.07mph, Authority=368yds
[2025-12-09 12:27:56.412] [DEBUG] [TRAIN_MODEL] Power=5024W, Speed=8.10mph, Authority=366yds
[2025-12-09 12:27:56.432] [DEBUG] [POSITION  ] Train 1 Block 0: pos=96.27yds, delta=11.57yds, block_traveled=96.27yds
[2025-12-09 12:27:56.680] [DEBUG] [TRAIN_MODEL] Power=4895W, Speed=8.14mph, Authority=364yds
    [Previous message repeated 19 times]
[2025-12-09 12:27:56.772] [INFO ] [TRAIN     ] Train 1 commands written: speed=9.47 mph, authority=468 yds
[2025-12-09 12:27:56.832] [DEBUG] [TRAIN_MODEL] Power=4895W, Speed=8.18mph, Authority=362yds
[2025-12-09 12:27:56.916] [DEBUG] [TRAIN_MODEL] Power=4895W, Speed=8.22mph, Authority=360yds
[2025-12-09 12:27:57.142] [DEBUG] [TRAIN_MODEL] Power=4895W, Speed=8.25mph, Authority=358yds
    [Previous message repeated 10 times]
[2025-12-09 12:27:57.267] [INFO ] [TRAIN     ] Train 1 commands written to JSON: speed=9.47 mph, authority=468.00 yds
[2025-12-09 12:27:57.322] [DEBUG] [TRAIN_MODEL] Power=4713W, Speed=8.29mph, Authority=356yds
[2025-12-09 12:27:57.462] [DEBUG] [TRAIN_MODEL] Power=4713W, Speed=8.32mph, Authority=354yds
[2025-12-09 12:27:57.484] [DEBUG] [POSITION  ] Train 1 Block 0: pos=110.20yds, delta=13.93yds, block_traveled=110.20yds
[2025-12-09 12:27:57.578] [DEBUG] [TRAIN_MODEL] Power=4713W, Speed=8.36mph, Authority=352yds
[2025-12-09 12:27:57.830] [DEBUG] [TRAIN_MODEL] Power=4713W, Speed=8.39mph, Authority=350yds
[2025-12-09 12:27:58.172] [DEBUG] [TRAIN_MODEL] Power=4548W, Speed=8.42mph, Authority=348yds
[2025-12-09 12:27:58.255] [DEBUG] [TRAIN_MODEL] Power=4548W, Speed=8.46mph, Authority=346yds
[2025-12-09 12:27:58.514] [DEBUG] [TRAIN_MODEL] Power=4548W, Speed=8.49mph, Authority=343yds
[2025-12-09 12:27:58.562] [DEBUG] [POSITION  ] Train 1 Block 0: pos=118.36yds, delta=8.15yds, block_traveled=118.36yds
    [Previous message repeated 10 times]
[2025-12-09 12:27:58.687] [DEBUG] [NETWORK   ] Green Line loading branch points from static JSON
    [Previous message repeated 10 times]
[2025-12-09 12:27:58.695] [DEBUG] [NETWORK   ] Green Line branch point loaded: block 13 -> [1, 12]
    [Previous message repeated 10 times]
[2025-12-09 12:27:58.702] [DEBUG] [NETWORK   ] Green Line branch point loaded: block 28 -> [29, 150]
    [Previous message repeated 10 times]
[2025-12-09 12:27:58.710] [DEBUG] [NETWORK   ] Green Line branch point loaded: block 77 -> [76, 101]
    [Previous message repeated 10 times]
[2025-12-09 12:27:58.719] [DEBUG] [NETWORK   ] Green Line branch point loaded: block 85 -> [86, 100]
    [Previous message repeated 10 times]
[2025-12-09 12:27:58.727] [INFO ] [NETWORK   ] Green Line branch points loaded: 6 total
[2025-12-09 12:27:58.847] [DEBUG] [TRAIN_MODEL] Power=4429W, Speed=8.52mph, Authority=341yds
[2025-12-09 12:27:58.929] [DEBUG] [TRAIN_MODEL] Power=4429W, Speed=8.55mph, Authority=339yds
[2025-12-09 12:27:59.107] [DEBUG] [TRAIN_MODEL] Power=4429W, Speed=8.59mph, Authority=337yds
[2025-12-09 12:27:59.288] [DEBUG] [TRAIN_MODEL] Power=4312W, Speed=8.62mph, Authority=335yds
[2025-12-09 12:27:59.535] [DEBUG] [TRAIN_MODEL] Power=4312W, Speed=8.65mph, Authority=333yds
[2025-12-09 12:27:59.622] [DEBUG] [TRAIN_MODEL] Power=4312W, Speed=8.68mph, Authority=331yds
[2025-12-09 12:27:59.641] [DEBUG] [POSITION  ] Train 1 Block 0: pos=132.94yds, delta=14.58yds, block_traveled=132.94yds
[2025-12-09 12:27:59.794] [DEBUG] [TRAIN_MODEL] Power=4312W, Speed=8.71mph, Authority=329yds
[2025-12-09 12:27:59.975] [DEBUG] [TRAIN_MODEL] Power=4153W, Speed=8.74mph, Authority=327yds
[2025-12-09 12:28:00.211] [DEBUG] [TRAIN_MODEL] Power=4153W, Speed=8.77mph, Authority=324yds
[2025-12-09 12:28:00.295] [DEBUG] [TRAIN_MODEL] Power=4153W, Speed=8.80mph, Authority=322yds
[2025-12-09 12:28:00.503] [DEBUG] [TRAIN_MODEL] Power=4153W, Speed=8.82mph, Authority=320yds
[2025-12-09 12:28:00.720] [DEBUG] [TRAIN_MODEL] Power=4001W, Speed=8.85mph, Authority=318yds
[2025-12-09 12:28:00.739] [DEBUG] [POSITION  ] Train 1 Block 0: pos=147.89yds, delta=14.95yds, block_traveled=147.89yds
[2025-12-09 12:28:00.835] [DEBUG] [TRAIN_MODEL] Power=4001W, Speed=8.88mph, Authority=316yds
[2025-12-09 12:28:00.933] [DEBUG] [TRAIN_MODEL] Power=4001W, Speed=8.91mph, Authority=314yds
[2025-12-09 12:28:01.226] [DEBUG] [TRAIN_MODEL] Power=3893W, Speed=8.93mph, Authority=311yds
[2025-12-09 12:28:01.408] [DEBUG] [TRAIN_MODEL] Power=3893W, Speed=8.96mph, Authority=309yds
[2025-12-09 12:28:01.492] [DEBUG] [TRAIN_MODEL] Power=3893W, Speed=8.99mph, Authority=307yds
[2025-12-09 12:28:01.725] [DEBUG] [TRAIN_MODEL] Power=3893W, Speed=9.01mph, Authority=305yds
[2025-12-09 12:28:01.834] [DEBUG] [POSITION  ] Train 1 Block 0: pos=156.58yds, delta=8.70yds, block_traveled=156.58yds
[2025-12-09 12:28:01.971] [DEBUG] [TRAIN_MODEL] Power=3748W, Speed=9.04mph, Authority=303yds
[2025-12-09 12:28:02.051] [DEBUG] [TRAIN_MODEL] Power=3748W, Speed=9.06mph, Authority=300yds
[2025-12-09 12:28:02.233] [DEBUG] [TRAIN_MODEL] Power=3748W, Speed=9.09mph, Authority=298yds
[2025-12-09 12:28:02.426] [DEBUG] [TRAIN_MODEL] Power=3644W, Speed=9.11mph, Authority=296yds
[2025-12-09 12:28:02.671] [DEBUG] [TRAIN_MODEL] Power=3644W, Speed=9.14mph, Authority=294yds
[2025-12-09 12:28:02.757] [DEBUG] [TRAIN_MODEL] Power=3644W, Speed=9.16mph, Authority=291yds
[2025-12-09 12:28:02.870] [DEBUG] [TRAIN_MODEL] Power=3644W, Speed=9.19mph, Authority=289yds
[2025-12-09 12:28:02.970] [DEBUG] [POSITION  ] Train 1 Block 0: pos=172.05yds, delta=15.47yds, block_traveled=172.05yds
[2025-12-09 12:28:03.130] [DEBUG] [TRAIN_MODEL] Power=3507W, Speed=9.21mph, Authority=287yds
[2025-12-09 12:28:03.266] [DEBUG] [TRAIN_MODEL] Power=3507W, Speed=9.23mph, Authority=285yds
[2025-12-09 12:28:03.355] [DEBUG] [TRAIN_MODEL] Power=3507W, Speed=9.26mph, Authority=282yds
    [Previous message repeated 20 times]
[2025-12-09 12:28:03.553] [INFO ] [TRAIN     ] Train 1 commands written: speed=9.47 mph, authority=468 yds
[2025-12-09 12:28:03.615] [DEBUG] [TRAIN_MODEL] Power=3507W, Speed=9.28mph, Authority=280yds
[2025-12-09 12:28:03.775] [DEBUG] [TRAIN_MODEL] Power=3373W, Speed=9.30mph, Authority=278yds
[2025-12-09 12:28:03.902] [DEBUG] [TRAIN_MODEL] Power=3373W, Speed=9.33mph, Authority=276yds
[2025-12-09 12:28:04.009] [DEBUG] [TRAIN_MODEL] Power=3373W, Speed=9.35mph, Authority=273yds
[2025-12-09 12:28:04.035] [DEBUG] [POSITION  ] Train 1 Block 0: pos=187.81yds, delta=15.76yds, block_traveled=187.81yds
    [Previous message repeated 10 times]
[2025-12-09 12:28:04.375] [INFO ] [TRAIN     ] Train 1 commands written to JSON: speed=9.47 mph, authority=468.00 yds
[2025-12-09 12:28:04.440] [DEBUG] [TRAIN_MODEL] Power=3277W, Speed=9.37mph, Authority=271yds
[2025-12-09 12:28:04.570] [DEBUG] [TRAIN_MODEL] Power=3277W, Speed=9.39mph, Authority=269yds
[2025-12-09 12:28:04.651] [DEBUG] [TRAIN_MODEL] Power=3277W, Speed=9.41mph, Authority=266yds
[2025-12-09 12:28:04.906] [DEBUG] [TRAIN_MODEL] Power=3277W, Speed=9.43mph, Authority=264yds
[2025-12-09 12:28:05.064] [DEBUG] [TRAIN_MODEL] Power=3150W, Speed=9.45mph, Authority=262yds
[2025-12-09 12:28:05.158] [DEBUG] [POSITION  ] Train 1 Block 0: pos=203.84yds, delta=16.03yds, block_traveled=203.84yds
[2025-12-09 12:28:05.169] [INFO ] [POSITION  ] Train 1 Block 0: ADVANCING to next block (traveled 203.84/200.00 yds)
[2025-12-09 12:28:05.180] [DEBUG] [POSITION  ] Train 1 Block 0: motion state = Moving
[2025-12-09 12:28:05.188] [DEBUG] [ROUTING   ] Green Line routing: current=0, previous=None
[2025-12-09 12:28:05.197] [DEBUG] [ROUTING   ] Block 0 is in switch_routes
[2025-12-09 12:28:05.205] [DEBUG] [ROUTING   ] Block 0 routes through switch 63, target=64
[2025-12-09 12:28:05.212] [DEBUG] [ROUTING   ] Switch target adjusted to 63
[2025-12-09 12:28:05.220] [INFO ] [ROUTING   ] Using switch target: 0 → 63
[2025-12-09 12:28:05.228] [INFO ] [ROUTING   ] Green Line final routing decision: 0 → 63
[2025-12-09 12:28:05.237] [INFO ] [POSITION  ] Train 1: BLOCK TRANSITION 0 → 63
[2025-12-09 12:28:05.368] [DEBUG] [TRAIN_MODEL] Power=3150W, Speed=9.47mph, Authority=260yds
[2025-12-09 12:28:05.462] [DEBUG] [TRAIN_MODEL] Power=3150W, Speed=9.49mph, Authority=257yds
[2025-12-09 12:28:05.503] [INFO ] [TRAIN     ] Train 1 BLOCK TRANSITION: 0 → 63
[2025-12-09 12:28:05.513] [INFO ] [SWITCH    ] Green line block 63 switch: pos 1 → 0
[2025-12-09 12:28:05.524] [DEBUG] [LIGHT     ] Green line block 0 light: Red → Super Green
[2025-12-09 12:28:05.532] [DEBUG] [LIGHT     ] Green line block 58 light: Super Green → Green
[2025-12-09 12:28:05.541] [DEBUG] [LIGHT     ] Green line block 62 light: Super Green → Red
    [Previous message repeated 10 times]
[2025-12-09 12:28:05.688] [DEBUG] [NETWORK   ] Green Line loading branch points from static JSON
    [Previous message repeated 10 times]
[2025-12-09 12:28:05.698] [DEBUG] [NETWORK   ] Green Line branch point loaded: block 13 -> [1, 12]
    [Previous message repeated 10 times]
[2025-12-09 12:28:05.707] [DEBUG] [NETWORK   ] Green Line branch point loaded: block 28 -> [29, 150]
    [Previous message repeated 10 times]
[2025-12-09 12:28:05.716] [DEBUG] [NETWORK   ] Green Line branch point loaded: block 77 -> [76, 101]
    [Previous message repeated 10 times]
[2025-12-09 12:28:05.726] [DEBUG] [NETWORK   ] Green Line branch point loaded: block 85 -> [86, 100]
    [Previous message repeated 10 times]
[2025-12-09 12:28:05.735] [INFO ] [NETWORK   ] Green Line branch points loaded: 6 total
[2025-12-09 12:28:05.747] [DEBUG] [LIGHT     ] Green line block 58 traffic light: Super Green → Green
[2025-12-09 12:28:05.756] [DEBUG] [LIGHT     ] Green line block 62 traffic light: Super Green → Red
[2025-12-09 12:28:05.764] [INFO ] [SWITCH    ] Green line block 63 switch changed to position 0
[2025-12-09 12:28:06.399] [DEBUG] [POSITION  ] Train 1 Block 63: pos=220.07yds, delta=16.23yds, block_traveled=20.07yds
[2025-12-09 12:28:07.444] [DEBUG] [POSITION  ] Train 1 Block 63: pos=227.03yds, delta=6.96yds, block_traveled=27.03yds
[2025-12-09 12:28:08.485] [DEBUG] [POSITION  ] Train 1 Block 63: pos=245.60yds, delta=18.57yds, block_traveled=45.60yds
[2025-12-09 12:28:09.739] [DEBUG] [POSITION  ] Train 1 Block 63: pos=252.56yds, delta=6.96yds, block_traveled=52.56yds
[2025-12-09 12:28:10.821] [DEBUG] [POSITION  ] Train 1 Block 63: pos=268.80yds, delta=16.25yds, block_traveled=68.80yds
[2025-12-09 12:28:11.920] [DEBUG] [POSITION  ] Train 1 Block 63: pos=287.37yds, delta=18.57yds, block_traveled=87.37yds
[2025-12-09 12:28:13.037] [DEBUG] [POSITION  ] Train 1 Block 63: pos=303.61yds, delta=16.25yds, block_traveled=103.61yds
[2025-12-09 12:28:14.171] [DEBUG] [POSITION  ] Train 1 Block 63: pos=319.86yds, delta=16.25yds, block_traveled=119.86yds
[2025-12-09 12:28:14.184] [INFO ] [POSITION  ] Train 1 Block 63: ADVANCING to next block (traveled 119.86/109.36 yds)
[2025-12-09 12:28:14.221] [DEBUG] [POSITION  ] Train 1 Block 63: motion state = Moving
[2025-12-09 12:28:14.233] [DEBUG] [ROUTING   ] Green Line routing: current=63, previous=0
[2025-12-09 12:28:14.244] [DEBUG] [ROUTING   ] Block 63 NOT in switch_routes, using motion logic
[2025-12-09 12:28:14.253] [WARN ] [ROUTING   ] DEFAULT CASE: 63 → 64 (previous=0)
[2025-12-09 12:28:14.263] [INFO ] [ROUTING   ] Green Line final routing decision: 63 → 64
[2025-12-09 12:28:14.272] [INFO ] [POSITION  ] Train 1: BLOCK TRANSITION 63 → 64
[2025-12-09 12:28:14.437] [INFO ] [TRAIN     ] Train 1 BLOCK TRANSITION: 63 → 64
[2025-12-09 12:28:14.448] [DEBUG] [LIGHT     ] Green line block 58 light: Green → Super Green
[2025-12-09 12:28:14.457] [DEBUG] [LIGHT     ] Green line block 62 light: Red → Yellow
    [Previous message repeated 31 times]
[2025-12-09 12:28:14.496] [INFO ] [TRAIN     ] Train 1 commands written: speed=9.47 mph, authority=468 yds
[2025-12-09 12:28:14.912] [DEBUG] [LIGHT     ] Green line block 58 traffic light: Green → Super Green
[2025-12-09 12:28:14.923] [DEBUG] [LIGHT     ] Green line block 62 traffic light: Red → Yellow
    [Previous message repeated 15 times]
[2025-12-09 12:28:14.932] [INFO ] [TRAIN     ] Train 1 commands written to JSON: speed=9.47 mph, authority=468.00 yds
[2025-12-09 12:28:15.376] [DEBUG] [POSITION  ] Train 1 Block 64: pos=329.14yds, delta=9.28yds, block_traveled=19.78yds
[2025-12-09 12:28:16.507] [DEBUG] [POSITION  ] Train 1 Block 64: pos=343.07yds, delta=13.92yds, block_traveled=33.71yds
[2025-12-09 12:28:17.591] [DEBUG] [POSITION  ] Train 1 Block 64: pos=359.31yds, delta=16.25yds, block_traveled=49.95yds
[2025-12-09 12:28:18.846] [DEBUG] [POSITION  ] Train 1 Block 64: pos=368.59yds, delta=9.28yds, block_traveled=59.23yds
[2025-12-09 12:28:19.891] [DEBUG] [POSITION  ] Train 1 Block 64: pos=384.84yds, delta=16.25yds, block_traveled=75.48yds
[2025-12-09 12:28:21.072] [DEBUG] [POSITION  ] Train 1 Block 64: pos=403.41yds, delta=18.57yds, block_traveled=94.04yds
[2025-12-09 12:28:22.171] [DEBUG] [POSITION  ] Train 1 Block 64: pos=410.37yds, delta=6.96yds, block_traveled=101.01yds
[2025-12-09 12:28:23.280] [DEBUG] [POSITION  ] Train 1 Block 64: pos=424.29yds, delta=13.92yds, block_traveled=114.93yds
[2025-12-09 12:28:23.293] [INFO ] [POSITION  ] Train 1 Block 64: ADVANCING to next block (traveled 114.93/109.36 yds)
[2025-12-09 12:28:23.323] [DEBUG] [POSITION  ] Train 1 Block 64: motion state = Moving
[2025-12-09 12:28:23.333] [DEBUG] [ROUTING   ] Green Line routing: current=64, previous=63
[2025-12-09 12:28:23.343] [DEBUG] [ROUTING   ] Block 64 NOT in switch_routes, using motion logic
[2025-12-09 12:28:23.355] [DEBUG] [ROUTING   ] Motion forward: 64 → 65
[2025-12-09 12:28:23.365] [INFO ] [ROUTING   ] Green Line final routing decision: 64 → 65
[2025-12-09 12:28:23.375] [INFO ] [POSITION  ] Train 1: BLOCK TRANSITION 64 → 65
[2025-12-09 12:28:23.397] [DEBUG] [BEACON    ] Train 1 beacon updated at block 65
[2025-12-09 12:28:23.653] [INFO ] [TRAIN     ] Train 1 BLOCK TRANSITION: 64 → 65
[2025-12-09 12:28:23.664] [INFO ] [TRAIN     ] Train 1 arrived at Glenbury
[2025-12-09 12:28:23.986] [INFO ] [TRAIN     ] Train 1 DWELLING at Glenbury for 10s
[2025-12-09 12:28:24.215] [INFO ] [TRAIN     ] Train 1 commands written to JSON: speed=0.00 mph, authority=0.00 yds
[2025-12-09 12:28:24.533] [DEBUG] [POSITION  ] Train 1 Block 65: pos=440.54yds, delta=16.25yds, block_traveled=21.82yds
    [Previous message repeated 28 times]
[2025-12-09 12:28:24.845] [DEBUG] [NETWORK   ] Green Line loading branch points from static JSON
    [Previous message repeated 28 times]
[2025-12-09 12:28:24.856] [DEBUG] [NETWORK   ] Green Line branch point loaded: block 13 -> [1, 12]
    [Previous message repeated 28 times]
[2025-12-09 12:28:24.866] [DEBUG] [NETWORK   ] Green Line branch point loaded: block 28 -> [29, 150]
    [Previous message repeated 28 times]
[2025-12-09 12:28:24.877] [DEBUG] [NETWORK   ] Green Line branch point loaded: block 77 -> [76, 101]
    [Previous message repeated 28 times]
[2025-12-09 12:28:24.887] [DEBUG] [NETWORK   ] Green Line branch point loaded: block 85 -> [86, 100]
    [Previous message repeated 28 times]
[2025-12-09 12:28:24.898] [INFO ] [NETWORK   ] Green Line branch points loaded: 6 total
[2025-12-09 12:28:24.936] [DEBUG] [TRAIN_MODEL] Power=0W, Speed=8.15mph, Authority=0yds
[2025-12-09 12:28:25.069] [DEBUG] [TRAIN_MODEL] Power=0W, Speed=6.81mph, Authority=0yds
[2025-12-09 12:28:25.396] [DEBUG] [TRAIN_MODEL] Power=0W, Speed=5.46mph, Authority=0yds
[2025-12-09 12:28:25.563] [DEBUG] [TRAIN_MODEL] Power=0W, Speed=4.12mph, Authority=0yds
[2025-12-09 12:28:25.666] [DEBUG] [TRAIN_MODEL] Power=0W, Speed=2.78mph, Authority=0yds
[2025-12-09 12:28:25.688] [DEBUG] [POSITION  ] Train 1 Block 65: pos=453.50yds, delta=12.96yds, block_traveled=34.78yds
[2025-12-09 12:28:25.855] [DEBUG] [TRAIN_MODEL] Power=0W, Speed=1.43mph, Authority=0yds
[2025-12-09 12:28:26.124] [DEBUG] [TRAIN_MODEL] Power=0W, Speed=0.09mph, Authority=0yds
[2025-12-09 12:28:26.727] [DEBUG] [POSITION  ] Train 1 Block 65: pos=454.55yds, delta=1.05yds, block_traveled=35.83yds
[2025-12-09 12:28:27.879] [DEBUG] [POSITION  ] Train 1 Block 65: pos=454.55yds, delta=0.00yds, block_traveled=35.83yds
[2025-12-09 12:29:22.661] [INFO ] [ROUTE     ] Train 1 route to Dormont: [65, 73], first station block: 65
[2025-12-09 12:29:22.695] [INFO ] [TRAIN     ] Manual dispatch: Train 1 to Dormont on Green Line, arrival 12:30
[2025-12-09 12:29:54.990] [INFO ] [TRAIN     ] Manual dispatch: Train 1 to Dormont on Green Line, arrival 12:36

================================================================================
Log Session Ended: 2025-12-09T13:05:34.530277
================================================================================
